<?xml version="1.0" encoding="UTF-8" ?>
<testsuite errors="0" failures="0" hostname="exjobb5" name="org.jmodelica.test.junitgenerated.ModificationTests" tests="17" time="1.107" timestamp="2008-11-13T14:02:14">
  <properties>
    <property name="java.vendor" value="Sun Microsystems Inc." />
    <property name="sun.java.launcher" value="SUN_STANDARD" />
    <property name="eclipse.pdebuild.templates" value="/home/cower/eclipse/plugins/org.eclipse.pde.build_3.4.1.R34x_v20080805/templates//" />
    <property name="sun.management.compiler" value="HotSpot Tiered Compilers" />
    <property name="os.name" value="Linux" />
    <property name="sun.boot.class.path" value="/usr/lib/jvm/java-1.6.0-sun-1.6.0.06/jre/lib/resources.jar:/usr/lib/jvm/java-1.6.0-sun-1.6.0.06/jre/lib/rt.jar:/usr/lib/jvm/java-1.6.0-sun-1.6.0.06/jre/lib/sunrsasign.jar:/usr/lib/jvm/java-1.6.0-sun-1.6.0.06/jre/lib/jsse.jar:/usr/lib/jvm/java-1.6.0-sun-1.6.0.06/jre/lib/jce.jar:/usr/lib/jvm/java-1.6.0-sun-1.6.0.06/jre/lib/charsets.jar:/usr/lib/jvm/java-1.6.0-sun-1.6.0.06/jre/classes" />
    <property name="beaver" value="src/third-party/beaver" />
    <property name="java.vm.specification.vendor" value="Sun Microsystems Inc." />
    <property name="ant.home" value="/home/cower/eclipse/plugins/org.apache.ant_1.7.0.v200803061910" />
    <property name="java.runtime.version" value="1.6.0_06-b02" />
    <property name="user.name" value="cower" />
    <property name="parser_output" value="src/java-generated/org/jmodelica/parser" />
    <property name="debug" value="src/java/org/jmodelica/debug" />
    <property name="base_output" value="src/java-generated" />
    <property name="user.language" value="en" />
    <property name="sun.boot.library.path" value="/usr/lib/jvm/java-1.6.0-sun-1.6.0.06/jre/lib/i386" />
    <property name="ant.project.name" value="JModelica" />
    <property name="java.version" value="1.6.0_06" />
    <property name="user.timezone" value="" />
    <property name="sun.arch.data.model" value="32" />
    <property name="java.endorsed.dirs" value="/usr/lib/jvm/java-1.6.0-sun-1.6.0.06/jre/lib/endorsed" />
    <property name="sun.cpu.isalist" value="" />
    <property name="sun.jnu.encoding" value="ISO-8859-1" />
    <property name="file.encoding.pkg" value="sun.io" />
    <property name="file.separator" value="/" />
    <property name="java.specification.name" value="Java Platform API Specification" />
    <property name="java.class.version" value="50.0" />
    <property name="user.country" value="US" />
    <property name="java.home" value="/usr/lib/jvm/java-1.6.0-sun-1.6.0.06/jre" />
    <property name="java.vm.info" value="mixed mode" />
    <property name="ant.file" value="/home/cower/workspace/JModelica/build.xml" />
    <property name="os.version" value="2.6.27.4-desktop-1mnb" />
    <property name="tools" value="lib" />
    <property name="test_src_dir" value="src/test/test-framework" />
    <property name="path.separator" value=":" />
    <property name="java.vm.version" value="10.0-b22" />
    <property name="ant.library.dir" value="/home/cower/eclipse/plugins/org.apache.ant_1.7.0.v200803061910/lib" />
    <property name="java.awt.printerjob" value="sun.print.PSPrinterJob" />
    <property name="sun.io.unicode.encoding" value="UnicodeLittle" />
    <property name="eclipse.pdebuild.scripts" value="/home/cower/eclipse/plugins/org.eclipse.pde.build_3.4.1.R34x_v20080805/scripts//" />
    <property name="user.home" value="/home/cower" />
    <property name="parser" value="src/parser" />
    <property name="java.specification.vendor" value="Sun Microsystems Inc." />
    <property name="java.library.path" value="/usr/lib/jvm/java-1.6.0-sun-1.6.0.06/jre/lib/i386/server:/usr/lib/jvm/java-1.6.0-sun-1.6.0.06/jre/lib/i386:/usr/lib/jvm/java-1.6.0-sun-1.6.0.06/jre/../lib/i386:/usr/lib/jvm/java-1.6.0-sun-1.6.0.06/jre/lib/i386/client:/usr/lib/jvm/java-1.6.0-sun-1.6.0.06/jre/lib/i386:/usr/lib/xulrunner-1.9:/usr/lib/xulrunner-1.9:/usr/java/packages/lib/i386:/lib:/usr/lib" />
    <property name="ant.file.JModelica" value="/home/cower/workspace/JModelica/build.xml" />
    <property name="java.vendor.url" value="http://java.sun.com/" />
    <property name="java.vm.vendor" value="Sun Microsystems Inc." />
    <property name="test_benchmarks" value="src/test/benchmarks" />
    <property name="java.runtime.name" value="Java(TM) SE Runtime Environment" />
    <property name="java.class.path" value="/home/cower/workspace/JModelica/lib/junit-4.4.jar:/home/cower/workspace/JModelica/bin/jmodelica.jar:/home/cower/workspace/JModelica/bin/junit-tests.jar:/home/cower/eclipse/plugins/org.apache.ant_1.7.0.v200803061910/lib/ant-launcher.jar:/home/cower/eclipse/plugins/org.apache.ant_1.7.0.v200803061910/lib/ant.jar:/home/cower/eclipse/plugins/org.apache.ant_1.7.0.v200803061910/lib/ant-junit.jar" />
    <property name="ant.version" value="Apache Ant version 1.7.0 compiled on December 13 2006" />
    <property name="applications" value="src/java/org/jmodelica/applications" />
    <property name="test_junit_dir" value="src/test/junit" />
    <property name="ast" value="src/jastadd" />
    <property name="java.vm.specification.name" value="Java Virtual Machine Specification" />
    <property name="java.vm.specification.version" value="1.0" />
    <property name="sun.cpu.endian" value="little" />
    <property name="test_junit-gen_dir" value="src/test/junit-generated" />
    <property name="sun.os.patch.level" value="unknown" />
    <property name="eclipse.pdebuild.home" value="/home/cower/eclipse/plugins/org.eclipse.pde.build_3.4.1.R34x_v20080805/.//" />
    <property name="java.io.tmpdir" value="/tmp" />
    <property name="java.vendor.url.bug" value="http://java.sun.com/cgi-bin/bugreport.cgi" />
    <property name="os.arch" value="i386" />
    <property name="java.awt.graphicsenv" value="sun.awt.X11GraphicsEnvironment" />
    <property name="ast_package" value="org.jmodelica.ast" />
    <property name="java.ext.dirs" value="/usr/lib/jvm/java-1.6.0-sun-1.6.0.06/jre/lib/ext:/usr/java/packages/lib/ext" />
    <property name="user.dir" value="/home/cower/workspace/JModelica" />
    <property name="line.separator" value="
" />
    <property name="default_src_dir" value="src/java" />
    <property name="java.vm.name" value="Java HotSpot(TM) Server VM" />
    <property name="basedir" value="/home/cower/workspace/JModelica" />
    <property name="ant.java.version" value="1.6" />
    <property name="ant.core.lib" value="/home/cower/eclipse/plugins/org.apache.ant_1.7.0.v200803061910/lib/ant.jar" />
    <property name="file.encoding" value="ISO-8859-1" />
    <property name="java.specification.version" value="1.6" />
  </properties>
  <testcase classname="org.jmodelica.test.junitgenerated.ModificationTests" name="ModTest1" time="0.143" />
  <testcase classname="org.jmodelica.test.junitgenerated.ModificationTests" name="ModTest2" time="0.041" />
  <testcase classname="org.jmodelica.test.junitgenerated.ModificationTests" name="ModTest3" time="0.049" />
  <testcase classname="org.jmodelica.test.junitgenerated.ModificationTests" name="ModTest5" time="0.025" />
  <testcase classname="org.jmodelica.test.junitgenerated.ModificationTests" name="ModTest6" time="0.045" />
  <testcase classname="org.jmodelica.test.junitgenerated.ModificationTests" name="ModTest7" time="0.026" />
  <testcase classname="org.jmodelica.test.junitgenerated.ModificationTests" name="ModTest8" time="0.03" />
  <testcase classname="org.jmodelica.test.junitgenerated.ModificationTests" name="ModTest9" time="0.046" />
  <testcase classname="org.jmodelica.test.junitgenerated.ModificationTests" name="ModTest10" time="0.024" />
  <testcase classname="org.jmodelica.test.junitgenerated.ModificationTests" name="ModTest11" time="0.031" />
  <testcase classname="org.jmodelica.test.junitgenerated.ModificationTests" name="ModTest12" time="0.069" />
  <testcase classname="org.jmodelica.test.junitgenerated.ModificationTests" name="ModTest13_Err" time="0.023" />
  <testcase classname="org.jmodelica.test.junitgenerated.ModificationTests" name="ModTest14_Err" time="0.022" />
  <testcase classname="org.jmodelica.test.junitgenerated.ModificationTests" name="ModTest15_Err" time="0.023" />
  <testcase classname="org.jmodelica.test.junitgenerated.ModificationTests" name="ShortClassDeclModTest1" time="0.027" />
  <testcase classname="org.jmodelica.test.junitgenerated.ModificationTests" name="ShortClassDeclModTest2" time="0.023" />
  <testcase classname="org.jmodelica.test.junitgenerated.ModificationTests" name="ShortClassDeclModTest3" time="0.041" />
  <system-out><![CDATA[Running test: ModificationTests.ModTest1

Running test: ModificationTests.ModTest2

Running test: ModificationTests.ModTest3

Running test: ModificationTests.ModTest5

Running test: ModificationTests.ModTest6

Running test: ModificationTests.ModTest7

Running test: ModificationTests.ModTest8

Running test: ModificationTests.ModTest9

Running test: ModificationTests.ModTest10

Running test: ModificationTests.ModTest11

Running test: ModificationTests.ModTest_PM_12

Running test: ModificationTests.ModTest13_Err
Running test: ModificationTests.ModTest14_Err
Running test: ModificationTests.ModTest15_Err
Running test: ModificationTests.ShortClassDeclModTest1

Running test: ModificationTests.ShortClassDeclModTest2

Running test: ModificationTests.ShortClassDeclModTest3

]]></system-out>
  <system-err><![CDATA[]]></system-err>
</testsuite>
