<?xml version="1.0" encoding="UTF-8" ?>
<testsuite errors="0" failures="0" hostname="exjobb5" name="org.jmodelica.test.junitgenerated.NameTests" tests="30" time="2.006" timestamp="2008-11-13T14:02:16">
  <properties>
    <property name="java.vendor" value="Sun Microsystems Inc." />
    <property name="sun.java.launcher" value="SUN_STANDARD" />
    <property name="eclipse.pdebuild.templates" value="/home/cower/eclipse/plugins/org.eclipse.pde.build_3.4.1.R34x_v20080805/templates//" />
    <property name="sun.management.compiler" value="HotSpot Tiered Compilers" />
    <property name="os.name" value="Linux" />
    <property name="sun.boot.class.path" value="/usr/lib/jvm/java-1.6.0-sun-1.6.0.06/jre/lib/resources.jar:/usr/lib/jvm/java-1.6.0-sun-1.6.0.06/jre/lib/rt.jar:/usr/lib/jvm/java-1.6.0-sun-1.6.0.06/jre/lib/sunrsasign.jar:/usr/lib/jvm/java-1.6.0-sun-1.6.0.06/jre/lib/jsse.jar:/usr/lib/jvm/java-1.6.0-sun-1.6.0.06/jre/lib/jce.jar:/usr/lib/jvm/java-1.6.0-sun-1.6.0.06/jre/lib/charsets.jar:/usr/lib/jvm/java-1.6.0-sun-1.6.0.06/jre/classes" />
    <property name="beaver" value="src/third-party/beaver" />
    <property name="java.vm.specification.vendor" value="Sun Microsystems Inc." />
    <property name="ant.home" value="/home/cower/eclipse/plugins/org.apache.ant_1.7.0.v200803061910" />
    <property name="java.runtime.version" value="1.6.0_06-b02" />
    <property name="user.name" value="cower" />
    <property name="parser_output" value="src/java-generated/org/jmodelica/parser" />
    <property name="debug" value="src/java/org/jmodelica/debug" />
    <property name="base_output" value="src/java-generated" />
    <property name="user.language" value="en" />
    <property name="sun.boot.library.path" value="/usr/lib/jvm/java-1.6.0-sun-1.6.0.06/jre/lib/i386" />
    <property name="ant.project.name" value="JModelica" />
    <property name="java.version" value="1.6.0_06" />
    <property name="user.timezone" value="" />
    <property name="sun.arch.data.model" value="32" />
    <property name="java.endorsed.dirs" value="/usr/lib/jvm/java-1.6.0-sun-1.6.0.06/jre/lib/endorsed" />
    <property name="sun.cpu.isalist" value="" />
    <property name="sun.jnu.encoding" value="ISO-8859-1" />
    <property name="file.encoding.pkg" value="sun.io" />
    <property name="file.separator" value="/" />
    <property name="java.specification.name" value="Java Platform API Specification" />
    <property name="java.class.version" value="50.0" />
    <property name="user.country" value="US" />
    <property name="java.home" value="/usr/lib/jvm/java-1.6.0-sun-1.6.0.06/jre" />
    <property name="java.vm.info" value="mixed mode" />
    <property name="ant.file" value="/home/cower/workspace/JModelica/build.xml" />
    <property name="os.version" value="2.6.27.4-desktop-1mnb" />
    <property name="tools" value="lib" />
    <property name="test_src_dir" value="src/test/test-framework" />
    <property name="path.separator" value=":" />
    <property name="java.vm.version" value="10.0-b22" />
    <property name="ant.library.dir" value="/home/cower/eclipse/plugins/org.apache.ant_1.7.0.v200803061910/lib" />
    <property name="java.awt.printerjob" value="sun.print.PSPrinterJob" />
    <property name="sun.io.unicode.encoding" value="UnicodeLittle" />
    <property name="eclipse.pdebuild.scripts" value="/home/cower/eclipse/plugins/org.eclipse.pde.build_3.4.1.R34x_v20080805/scripts//" />
    <property name="user.home" value="/home/cower" />
    <property name="parser" value="src/parser" />
    <property name="java.specification.vendor" value="Sun Microsystems Inc." />
    <property name="java.library.path" value="/usr/lib/jvm/java-1.6.0-sun-1.6.0.06/jre/lib/i386/server:/usr/lib/jvm/java-1.6.0-sun-1.6.0.06/jre/lib/i386:/usr/lib/jvm/java-1.6.0-sun-1.6.0.06/jre/../lib/i386:/usr/lib/jvm/java-1.6.0-sun-1.6.0.06/jre/lib/i386/client:/usr/lib/jvm/java-1.6.0-sun-1.6.0.06/jre/lib/i386:/usr/lib/xulrunner-1.9:/usr/lib/xulrunner-1.9:/usr/java/packages/lib/i386:/lib:/usr/lib" />
    <property name="ant.file.JModelica" value="/home/cower/workspace/JModelica/build.xml" />
    <property name="java.vendor.url" value="http://java.sun.com/" />
    <property name="java.vm.vendor" value="Sun Microsystems Inc." />
    <property name="test_benchmarks" value="src/test/benchmarks" />
    <property name="java.runtime.name" value="Java(TM) SE Runtime Environment" />
    <property name="java.class.path" value="/home/cower/workspace/JModelica/lib/junit-4.4.jar:/home/cower/workspace/JModelica/bin/jmodelica.jar:/home/cower/workspace/JModelica/bin/junit-tests.jar:/home/cower/eclipse/plugins/org.apache.ant_1.7.0.v200803061910/lib/ant-launcher.jar:/home/cower/eclipse/plugins/org.apache.ant_1.7.0.v200803061910/lib/ant.jar:/home/cower/eclipse/plugins/org.apache.ant_1.7.0.v200803061910/lib/ant-junit.jar" />
    <property name="ant.version" value="Apache Ant version 1.7.0 compiled on December 13 2006" />
    <property name="applications" value="src/java/org/jmodelica/applications" />
    <property name="test_junit_dir" value="src/test/junit" />
    <property name="ast" value="src/jastadd" />
    <property name="java.vm.specification.name" value="Java Virtual Machine Specification" />
    <property name="java.vm.specification.version" value="1.0" />
    <property name="sun.cpu.endian" value="little" />
    <property name="test_junit-gen_dir" value="src/test/junit-generated" />
    <property name="sun.os.patch.level" value="unknown" />
    <property name="eclipse.pdebuild.home" value="/home/cower/eclipse/plugins/org.eclipse.pde.build_3.4.1.R34x_v20080805/.//" />
    <property name="java.io.tmpdir" value="/tmp" />
    <property name="java.vendor.url.bug" value="http://java.sun.com/cgi-bin/bugreport.cgi" />
    <property name="os.arch" value="i386" />
    <property name="java.awt.graphicsenv" value="sun.awt.X11GraphicsEnvironment" />
    <property name="ast_package" value="org.jmodelica.ast" />
    <property name="java.ext.dirs" value="/usr/lib/jvm/java-1.6.0-sun-1.6.0.06/jre/lib/ext:/usr/java/packages/lib/ext" />
    <property name="user.dir" value="/home/cower/workspace/JModelica" />
    <property name="line.separator" value="
" />
    <property name="default_src_dir" value="src/java" />
    <property name="java.vm.name" value="Java HotSpot(TM) Server VM" />
    <property name="basedir" value="/home/cower/workspace/JModelica" />
    <property name="ant.java.version" value="1.6" />
    <property name="ant.core.lib" value="/home/cower/eclipse/plugins/org.apache.ant_1.7.0.v200803061910/lib/ant.jar" />
    <property name="file.encoding" value="ISO-8859-1" />
    <property name="java.specification.version" value="1.6" />
  </properties>
  <testcase classname="org.jmodelica.test.junitgenerated.NameTests" name="NameTest2" time="0.186" />
  <testcase classname="org.jmodelica.test.junitgenerated.NameTests" name="NameTest3_Err" time="0.067" />
  <testcase classname="org.jmodelica.test.junitgenerated.NameTests" name="NameTest4_Err" time="0.062" />
  <testcase classname="org.jmodelica.test.junitgenerated.NameTests" name="NameTest5_Err" time="0.045" />
  <testcase classname="org.jmodelica.test.junitgenerated.NameTests" name="NameTest55_Err" time="0.037" />
  <testcase classname="org.jmodelica.test.junitgenerated.NameTests" name="NameTest6_Err" time="0.055" />
  <testcase classname="org.jmodelica.test.junitgenerated.NameTests" name="NameTest7_Err" time="0.034" />
  <testcase classname="org.jmodelica.test.junitgenerated.NameTests" name="NameTest8_Err" time="0.045" />
  <testcase classname="org.jmodelica.test.junitgenerated.NameTests" name="NameTest9_Err" time="0.038" />
  <testcase classname="org.jmodelica.test.junitgenerated.NameTests" name="NameTest10_Err" time="0.032" />
  <testcase classname="org.jmodelica.test.junitgenerated.NameTests" name="NameTest11_Err" time="0.031" />
  <testcase classname="org.jmodelica.test.junitgenerated.NameTests" name="NameTest12_Err" time="0.035" />
  <testcase classname="org.jmodelica.test.junitgenerated.NameTests" name="NameTest13_Err" time="0.051" />
  <testcase classname="org.jmodelica.test.junitgenerated.NameTests" name="NameTest14_Err" time="0.039" />
  <testcase classname="org.jmodelica.test.junitgenerated.NameTests" name="ExtendsTest1" time="0.039" />
  <testcase classname="org.jmodelica.test.junitgenerated.NameTests" name="ExtendsTest2" time="0.031" />
  <testcase classname="org.jmodelica.test.junitgenerated.NameTests" name="ExtendsTest3" time="0.078" />
  <testcase classname="org.jmodelica.test.junitgenerated.NameTests" name="ImportTest1" time="0.033" />
  <testcase classname="org.jmodelica.test.junitgenerated.NameTests" name="ImportTest2" time="0.033" />
  <testcase classname="org.jmodelica.test.junitgenerated.NameTests" name="ImportTest3" time="0.029" />
  <testcase classname="org.jmodelica.test.junitgenerated.NameTests" name="ImportTest4" time="0.055" />
  <testcase classname="org.jmodelica.test.junitgenerated.NameTests" name="ImportTest5" time="0.033" />
  <testcase classname="org.jmodelica.test.junitgenerated.NameTests" name="ShortClassDeclTest1" time="0.031" />
  <testcase classname="org.jmodelica.test.junitgenerated.NameTests" name="ShortClassDeclTest2" time="0.03" />
  <testcase classname="org.jmodelica.test.junitgenerated.NameTests" name="ShortClassDeclTest3" time="0.031" />
  <testcase classname="org.jmodelica.test.junitgenerated.NameTests" name="ShortClassDeclTest35_Err" time="0.078" />
  <testcase classname="org.jmodelica.test.junitgenerated.NameTests" name="ShortClassDeclTest4" time="0.064" />
  <testcase classname="org.jmodelica.test.junitgenerated.NameTests" name="ShortClassDeclTest5" time="0.043" />
  <testcase classname="org.jmodelica.test.junitgenerated.NameTests" name="ShortClassDeclTest6" time="0.03" />
  <testcase classname="org.jmodelica.test.junitgenerated.NameTests" name="ShortClassDeclTest7_Err" time="0.074" />
  <system-out><![CDATA[Running test: NameTests.NameTest2

Running test: NameTests.NameTest3_Err
Running test: NameTests.NameTest4_Err
Running test: NameTests.NameTest5_Err
Running test: NameTests.NameTest55_Err
Running test: NameTests.NameTest6_Err
Running test: NameTests.NameTest7_Err
Running test: NameTests.NameTest8_Err
Running test: NameTests.NameTest9_Err
Running test: NameTests.NameTest10_Err
Running test: NameTests.NameTest11_Err
Running test: NameTests.NameTest12_Err
Running test: NameTests.NameTest13_Err
Running test: NameTests.NameTest14_Err
Running test: NameTests.ExtendsTest1

Running test: NameTests.ExtendsTest2

Running test: NameTests.ExtendsTest3
Running test: NameTests.ImportTest1

Running test: NameTests.ImportTest2

Running test: NameTests.ImportTest3
Running test: NameTests.ImportTest4

Running test: NameTests.ImportTest5

Running test: NameTests.ShortClassDeclTest1

Running test: NameTests.ShortClassDeclTest2

Running test: NameTests.ShortClassDeclTest3

Running test: NameTests.ShortClassDeclTest35_Err
Running test: NameTests.ShortClassDeclTest4

Running test: NameTests.ShortClassDeclTest5

Running test: NameTests.ShortClassDeclTest6

Running test: NameTests.ShortClassDeclTest7_Err
]]></system-out>
  <system-err><![CDATA[]]></system-err>
</testsuite>
