<?xml version="1.0" encoding="UTF-8"?>
<jm:model 
	xmlns="http://www.jmodelica.org" 
	xmlns:xsi="http://www.w3.org/2001/XMLSchema-instance" 
	xsi:schemaLocation="http://www.jmodelica.org JModelica.xsd ">

</jm:model>